Player 2, turn 1: 1, 5 is a miss!

Player 1, turn 2: 0, 7 is a hit!

Player 2, turn 3: 6, 7 is a miss!

Player 1, turn 4: 1, 7 is a hit!

Player 2, turn 5: 7, 1 is a miss!

Player 1 sunk the opponents cruiser!

Player 1, turn 6: 2, 7 is a hit!

Player 2, turn 7: 7, 2 is a miss!

Player 1, turn 8: 1, 2 is a hit!

Player 2, turn 9: 5, 0 is a miss!

Player 1, turn 10: 2, 2 is a hit!

Player 2, turn 11: 1, 0 is a miss!

Player 1, turn 12: 3, 2 is a hit!

Player 2, turn 13: 7, 8 is a miss!

Player 1, turn 14: 4, 2 is a hit!

Player 2, turn 15: 4, 9 is a miss!

Player 2, turn 15: 7, 1 is a miss!

Player 1 sunk the opponents carrier!

Player 1, turn 16: 5, 2 is a hit!

Player 2, turn 17: 2, 0 is a miss!

Player 1, turn 18: 6, 2 is a hit!

Player 2, turn 19: 3, 3 is a miss!

Player 1, turn 20: 6, 3 is a hit!

Player 2, turn 21: 8, 5 is a miss!

Player 1 sunk the opponents submarine!

Player 1, turn 22: 6, 4 is a hit!

Player 2, turn 23: 1, 8 is a hit!

Player 1, turn 24: 3, 3 is a hit!

Player 2, turn 25: 5, 9 is a miss!

Player 2, turn 25: 1, 8 is a miss!

Player 2, turn 25: 8, 5 is a miss!

Player 1, turn 26: 3, 4 is a hit!

Player 2, turn 27: 0, 6 is a miss!

Player 1, turn 28: 3, 5 is a hit!

Player 2, turn 29: 9, 2 is a miss!

Player 1 sunk the opponents battleship!

Player 1, turn 30: 3, 6 is a hit!

Player 2, turn 31: 7, 0 is a miss!

Player 1, turn 32: 8, 2 is a hit!

Player 2, turn 33: 2, 5 is a miss!

Player 1 sunk the opponents destroyer!

Player 1, turn 34: 9, 2 is a hit!

Player 1 stats:
Hits: 17
Misses: 0
Hit to miss ratio: 100.00

Player 2 stats:
Hits: 1
Misses: 16
Hit to miss ratio: 5.88

